{
  "RSpec": {
    "coverage": {
      "/Users/alexhutchings/Projects/bookmark_manager/spec/bookmark_spec.rb": [
        1,
        1,
        1,
        null,
        1,
        null,
        1,
        2,
        null,
        1,
        1,
        1,
        null,
        null,
        1,
        1,
        1,
        1,
        1,
        1,
        null,
        null,
        null
      ],
      "/Users/alexhutchings/Projects/bookmark_manager/spec/features/bookmarks_page_spec.rb": [
        1,
        1,
        1,
        1,
        1,
        1,
        null,
        null,
        null,
        null,
        1,
        1,
        1,
        1,
        1,
        1,
        1,
        1,
        1,
        1,
        null,
        null
      ],
      "/Users/alexhutchings/Projects/bookmark_manager/spec/features/index_page_spec.rb": [
        1,
        1,
        1,
        1,
        1,
        null,
        null,
        1,
        1,
        1,
        1,
        null,
        null
      ]
    },
    "timestamp": 1548860011
  }
}
